[INFO  11/26/2023 8:02:03 PM] ...m-data/lazy/mason.nvim/lua/mason-core/installer/init.lua:184: Executing installer for Package(name=lua-language-server) {}
[INFO  11/26/2023 8:02:09 PM] ...m-data/lazy/mason.nvim/lua/mason-core/installer/init.lua:245: Installation succeeded for Package(name=lua-language-server)
[INFO  11/26/2023 8:27:04 PM] ...m-data/lazy/mason.nvim/lua/mason-core/installer/init.lua:184: Executing installer for Package(name=clangd) {}
[INFO  11/26/2023 8:27:04 PM] ...m-data/lazy/mason.nvim/lua/mason-core/installer/init.lua:184: Executing installer for Package(name=clang-format) {}
[INFO  11/26/2023 8:27:04 PM] ...m-data/lazy/mason.nvim/lua/mason-core/installer/init.lua:184: Executing installer for Package(name=codelldb) {}
[ERROR 11/26/2023 8:27:04 PM] ...m-data/lazy/mason.nvim/lua/mason-core/installer/init.lua:249: Installation failed for Package(name=clang-format) error="Failed to create python3 virtual environment."
[INFO  11/26/2023 8:27:08 PM] ...m-data/lazy/mason.nvim/lua/mason-core/installer/init.lua:245: Installation succeeded for Package(name=clangd)
[INFO  11/26/2023 8:27:12 PM] ...m-data/lazy/mason.nvim/lua/mason-core/installer/init.lua:245: Installation succeeded for Package(name=codelldb)
[INFO  11/26/2023 8:27:38 PM] ...m-data/lazy/mason.nvim/lua/mason-core/installer/init.lua:184: Executing installer for Package(name=clangd) {}
[INFO  11/26/2023 8:27:38 PM] ...m-data/lazy/mason.nvim/lua/mason-core/installer/init.lua:184: Executing installer for Package(name=clang-format) {}
[INFO  11/26/2023 8:27:38 PM] ...m-data/lazy/mason.nvim/lua/mason-core/installer/init.lua:184: Executing installer for Package(name=codelldb) {}
[ERROR 11/26/2023 8:27:38 PM] ...m-data/lazy/mason.nvim/lua/mason-core/installer/init.lua:249: Installation failed for Package(name=clang-format) error="Failed to create python3 virtual environment."
[INFO  11/26/2023 8:27:41 PM] ...m-data/lazy/mason.nvim/lua/mason-core/installer/init.lua:245: Installation succeeded for Package(name=clangd)
[INFO  11/26/2023 8:27:47 PM] ...m-data/lazy/mason.nvim/lua/mason-core/installer/init.lua:245: Installation succeeded for Package(name=codelldb)
[INFO  11/26/2023 8:37:49 PM] ...m-data/lazy/mason.nvim/lua/mason-core/installer/init.lua:184: Executing installer for Package(name=clangd) {}
[INFO  11/26/2023 8:37:49 PM] ...m-data/lazy/mason.nvim/lua/mason-core/installer/init.lua:184: Executing installer for Package(name=clang-format) {}
[INFO  11/26/2023 8:37:49 PM] ...m-data/lazy/mason.nvim/lua/mason-core/installer/init.lua:184: Executing installer for Package(name=codelldb) {}
[ERROR 11/26/2023 8:37:49 PM] ...m-data/lazy/mason.nvim/lua/mason-core/installer/init.lua:249: Installation failed for Package(name=clang-format) error="Failed to create python3 virtual environment."
[INFO  11/26/2023 8:37:52 PM] ...m-data/lazy/mason.nvim/lua/mason-core/installer/init.lua:245: Installation succeeded for Package(name=clangd)
[INFO  11/26/2023 8:37:58 PM] ...m-data/lazy/mason.nvim/lua/mason-core/installer/init.lua:245: Installation succeeded for Package(name=codelldb)
[INFO  11/26/2023 8:40:12 PM] ...m-data/lazy/mason.nvim/lua/mason-core/installer/init.lua:184: Executing installer for Package(name=clangd) {}
[INFO  11/26/2023 8:40:12 PM] ...m-data/lazy/mason.nvim/lua/mason-core/installer/init.lua:184: Executing installer for Package(name=clang-format) {}
[INFO  11/26/2023 8:40:12 PM] ...m-data/lazy/mason.nvim/lua/mason-core/installer/init.lua:184: Executing installer for Package(name=codelldb) {}
[INFO  11/26/2023 8:40:16 PM] ...m-data/lazy/mason.nvim/lua/mason-core/installer/init.lua:245: Installation succeeded for Package(name=clangd)
[INFO  11/26/2023 8:40:23 PM] ...m-data/lazy/mason.nvim/lua/mason-core/installer/init.lua:245: Installation succeeded for Package(name=codelldb)
[INFO  11/26/2023 8:40:27 PM] ...m-data/lazy/mason.nvim/lua/mason-core/installer/init.lua:245: Installation succeeded for Package(name=clang-format)
[INFO  11/26/2023 8:58:04 PM] ...m-data/lazy/mason.nvim/lua/mason-core/installer/init.lua:184: Executing installer for Package(name=clangd) {}
[INFO  11/26/2023 8:58:04 PM] ...m-data/lazy/mason.nvim/lua/mason-core/installer/init.lua:184: Executing installer for Package(name=clang-format) {}
[INFO  11/26/2023 8:58:04 PM] ...m-data/lazy/mason.nvim/lua/mason-core/installer/init.lua:184: Executing installer for Package(name=codelldb) {}
[ERROR 11/26/2023 8:58:09 PM] ...m-data/lazy/mason.nvim/lua/mason-core/installer/init.lua:249: Installation failed for Package(name=clangd) error='...ta/Local/nvim-data/lazy/mason.nvim/lua/mason-core/fs.lua:53: rmrf: Could not remove directory "C:\\\\Users\\\\Poktra\\\\AppData\\\\Local\\\\nvim-data\\\\mason\\\\packages\\\\clangd".'
[INFO  11/26/2023 8:58:15 PM] ...m-data/lazy/mason.nvim/lua/mason-core/installer/init.lua:245: Installation succeeded for Package(name=codelldb)
[INFO  11/26/2023 8:58:17 PM] ...m-data/lazy/mason.nvim/lua/mason-core/installer/init.lua:245: Installation succeeded for Package(name=clang-format)
[INFO  11/26/2023 8:59:03 PM] ...m-data/lazy/mason.nvim/lua/mason-core/installer/init.lua:184: Executing installer for Package(name=clangd) {}
[INFO  11/26/2023 8:59:03 PM] ...m-data/lazy/mason.nvim/lua/mason-core/installer/init.lua:184: Executing installer for Package(name=clang-format) {}
[INFO  11/26/2023 8:59:03 PM] ...m-data/lazy/mason.nvim/lua/mason-core/installer/init.lua:184: Executing installer for Package(name=codelldb) {}
[ERROR 11/26/2023 8:59:06 PM] ...m-data/lazy/mason.nvim/lua/mason-core/installer/init.lua:249: Installation failed for Package(name=clangd) error='...ta/Local/nvim-data/lazy/mason.nvim/lua/mason-core/fs.lua:53: rmrf: Could not remove directory "C:\\\\Users\\\\Poktra\\\\AppData\\\\Local\\\\nvim-data\\\\mason\\\\packages\\\\clangd".'
[INFO  11/26/2023 8:59:12 PM] ...m-data/lazy/mason.nvim/lua/mason-core/installer/init.lua:245: Installation succeeded for Package(name=codelldb)
[INFO  11/26/2023 8:59:16 PM] ...m-data/lazy/mason.nvim/lua/mason-core/installer/init.lua:245: Installation succeeded for Package(name=clang-format)
[INFO  11/26/2023 9:00:50 PM] ...m-data/lazy/mason.nvim/lua/mason-core/installer/init.lua:184: Executing installer for Package(name=clangd) {}
[INFO  11/26/2023 9:00:50 PM] ...m-data/lazy/mason.nvim/lua/mason-core/installer/init.lua:184: Executing installer for Package(name=clang-format) {}
[INFO  11/26/2023 9:00:50 PM] ...m-data/lazy/mason.nvim/lua/mason-core/installer/init.lua:184: Executing installer for Package(name=codelldb) {}
[INFO  11/26/2023 9:00:54 PM] ...m-data/lazy/mason.nvim/lua/mason-core/installer/init.lua:245: Installation succeeded for Package(name=clangd)
[INFO  11/26/2023 9:00:59 PM] ...m-data/lazy/mason.nvim/lua/mason-core/installer/init.lua:245: Installation succeeded for Package(name=codelldb)
[INFO  11/26/2023 9:01:02 PM] ...m-data/lazy/mason.nvim/lua/mason-core/installer/init.lua:245: Installation succeeded for Package(name=clang-format)
[INFO  11/26/2023 10:25:07 PM] ...m-data/lazy/mason.nvim/lua/mason-core/installer/init.lua:184: Executing installer for Package(name=clangd) {}
[INFO  11/26/2023 10:25:07 PM] ...m-data/lazy/mason.nvim/lua/mason-core/installer/init.lua:184: Executing installer for Package(name=clang-format) {}
[INFO  11/26/2023 10:25:07 PM] ...m-data/lazy/mason.nvim/lua/mason-core/installer/init.lua:184: Executing installer for Package(name=codelldb) {}
[ERROR 11/26/2023 10:25:11 PM] ...m-data/lazy/mason.nvim/lua/mason-core/installer/init.lua:249: Installation failed for Package(name=clangd) error='...ta/Local/nvim-data/lazy/mason.nvim/lua/mason-core/fs.lua:53: rmrf: Could not remove directory "C:\\\\Users\\\\Poktra\\\\AppData\\\\Local\\\\nvim-data\\\\mason\\\\packages\\\\clangd".'
